<?xml version="1.0" encoding="UTF-8"?>
<testsuite xmlns:xsi="http://www.w3.org/2001/XMLSchema-instance" xsi:noNamespaceSchemaLocation="https://maven.apache.org/surefire/maven-surefire-plugin/xsd/surefire-test-report.xsd" name="TestSuite" time="6.022" tests="1" errors="0" skipped="0" failures="1">
  <properties>
[...]
</properties>
  <testcase name="clearCookiesAndLocalStorage" classname="tests.base.searchApartment.SearchApartmentTest" time="5.109">
    <failure message="SecurityError: The operation is insecure.&#10;Build info: version: &apos;4.8.2&apos;, revision: &apos;826dbfc730&apos;&#10;System info: os.name: &apos;Windows 11&apos;, os.arch: &apos;amd64&apos;, os.version: &apos;10.0&apos;, java.version: &apos;20&apos;&#10;Driver info: org.openqa.selenium.firefox.FirefoxDriver&#10;Command: [8340aed2-b598-469d-9ced-84042cc9802f, executeScript {script=window.sessionStorage.clear(), args=[]}]&#10;Capabilities {acceptInsecureCerts: true, browserName: firefox, browserVersion: 112.0.2, moz:accessibilityChecks: false, moz:buildID: 20230424110519, moz:debuggerAddress: 127.0.0.1:13660, moz:geckodriverVersion: 0.33.0, moz:headless: false, moz:platformVersion: 10.0, moz:processID: 2316, moz:profile: C:\Users\pasha\AppData\Loca..., moz:shutdownTimeout: 60000, moz:useNonSpecCompliantPointerOrigin: false, moz:webdriverClick: true, moz:windowless: false, pageLoadStrategy: normal, platformName: WINDOWS, proxy: Proxy(), se:cdp: ws://127.0.0.1:13660/devtoo..., se:cdpVersion: 85.0, setWindowRect: true, strictFileInteractability: false, timeouts: {implicit: 0, pageLoad: 300000, script: 30000}, unhandledPromptBehavior: dismiss and notify}&#10;Session ID: 8340aed2-b598-469d-9ced-84042cc9802f" type="org.openqa.selenium.JavascriptException">org.openqa.selenium.JavascriptException: 
SecurityError: The operation is insecure.
Build info: version: '4.8.2', revision: '826dbfc730'
System info: os.name: 'Windows 11', os.arch: 'amd64', os.version: '10.0', java.version: '20'
Driver info: org.openqa.selenium.firefox.FirefoxDriver
Command: [8340aed2-b598-469d-9ced-84042cc9802f, executeScript {script=window.sessionStorage.clear(), args=[]}]
Capabilities {acceptInsecureCerts: true, browserName: firefox, browserVersion: 112.0.2, moz:accessibilityChecks: false, moz:buildID: 20230424110519, moz:debuggerAddress: 127.0.0.1:13660, moz:geckodriverVersion: 0.33.0, moz:headless: false, moz:platformVersion: 10.0, moz:processID: 2316, moz:profile: C:\Users\pasha\AppData\Loca..., moz:shutdownTimeout: 60000, moz:useNonSpecCompliantPointerOrigin: false, moz:webdriverClick: true, moz:windowless: false, pageLoadStrategy: normal, platformName: WINDOWS, proxy: Proxy(), se:cdp: ws://127.0.0.1:13660/devtoo..., se:cdpVersion: 85.0, setWindowRect: true, strictFileInteractability: false, timeouts: {implicit: 0, pageLoad: 300000, script: 30000}, unhandledPromptBehavior: dismiss and notify}
Session ID: 8340aed2-b598-469d-9ced-84042cc9802f
</failure>
    <system-err><![CDATA[1683754955851	geckodriver	INFO	Listening on 127.0.0.1:33413
1683754956150	mozrunner::runner	INFO	Running command: "C:\\Program Files\\Mozilla Firefox\\firefox.exe" "--marionette" "--remote-debugging-port" "13660" "--remote ... localhost:13660/,http://[::1]:13660/" "-no-remote" "-profile" "C:\\Users\\pasha\\AppData\\Local\\Temp\\rust_mozprofileTxz5Fz"
console.warn: services.settings: Ignoring preference override of remote settings server
console.warn: services.settings: Allow by setting MOZ_REMOTE_SETTINGS_DEVTOOLS=1 in the environment
1683754956389	Marionette	INFO	Marionette enabled
Dynamically enable window occlusion 0
1683754956393	Marionette	INFO	Listening on port 50741
WebDriver BiDi listening on ws://127.0.0.1:13660
Read port: 50741
1683754956603	RemoteAgent	WARN	TLS certificate errors will be ignored for this session
console.warn: SearchSettings: "get: No settings file exists, new profile?" (new NotFoundError("Could not open the file at C:\\Users\\pasha\\AppData\\Local\\Temp\\rust_mozprofileTxz5Fz\\search.json.mozlz4", (void 0)))
[ERROR glean_core] Error setting metrics feature config: Json(Error("EOF while parsing a value", line: 1, column: 0))
DevTools listening on ws://127.0.0.1:13660/devtools/browser/b7ba326b-6f68-444e-946c-bf90857a84cb
]]></system-err>
  </testcase>
</testsuite>